<?xml version="1.0" encoding="UTF-8"?>
<!-- Generated by org.testng.reporters.JUnitReportReporter -->
<testsuite skipped="0" hostname="sony-VAIO" name="bddTestCases.Putfromfile" tests="1" failures="0" timestamp="2020-04-26T22:21:10 IST" time="4.368" errors="0">
  <testcase name="registerCustomer" time="4.368" classname="bddTestCases.Putfromfile"/>
</testsuite> <!-- bddTestCases.Putfromfile -->
