<?xml version="1.0" encoding="UTF-8"?>
<!-- Generated by org.testng.reporters.JUnitReportReporter -->
<testsuite skipped="0" hostname="sony-VAIO" name="bddTestCases.PassingParameters" tests="1" failures="0" timestamp="2020-04-28T20:43:57 IST" time="6.069" errors="0">
  <testcase name="test" time="6.069" classname="bddTestCases.PassingParameters"/>
</testsuite> <!-- bddTestCases.PassingParameters -->
