<?xml version="1.0" encoding="UTF-8"?>
<!-- Generated by org.testng.reporters.JUnitReportReporter -->
<testsuite skipped="0" hostname="sony-VAIO" name="demo.TC01_Get" tests="1" failures="0" timestamp="2020-04-23T18:11:40 IST" time="3.695" errors="0">
  <testcase name="user" time="3.695" classname="demo.TC01_Get"/>
</testsuite> <!-- demo.TC01_Get -->
