<?xml version="1.0" encoding="UTF-8"?>
<!-- Generated by org.testng.reporters.JUnitReportReporter -->
<testsuite skipped="0" hostname="sony-VAIO" name="bddTestCases.PutDemo" tests="1" failures="0" timestamp="2020-04-26T22:17:40 IST" time="4.014" errors="0">
  <testcase name="putDemoMethod" time="4.014" classname="bddTestCases.PutDemo"/>
</testsuite> <!-- bddTestCases.PutDemo -->
