<?xml version="1.0" encoding="UTF-8"?>
<!-- Generated by org.testng.reporters.JUnitReportReporter -->
<testsuite skipped="0" hostname="sony-VAIO" name="bddTestCases.RequestSpecificationTest" tests="1" failures="0" timestamp="2020-04-28T19:19:16 IST" time="3.271" errors="0">
  <testcase name="test01" time="3.271" classname="bddTestCases.RequestSpecificationTest"/>
</testsuite> <!-- bddTestCases.RequestSpecificationTest -->
