<?xml version="1.0" encoding="UTF-8"?>
<!-- Generated by org.testng.reporters.JUnitReportReporter -->
<testsuite skipped="0" hostname="sony-VAIO" name="bddTestCases.UsingResponseSpecBuilder" tests="1" failures="0" timestamp="2020-04-28T21:01:17 IST" time="3.797" errors="0">
  <testcase name="test_NumberOfCircuits_ShouldBe20_UsingResponseSpec" time="3.797" classname="bddTestCases.UsingResponseSpecBuilder"/>
</testsuite> <!-- bddTestCases.UsingResponseSpecBuilder -->
