<?xml version="1.0" encoding="UTF-8"?>
<!-- Generated by org.testng.reporters.JUnitReportReporter -->
<testsuite skipped="0" hostname="sony-VAIO" name="bddTestCases.BasicFeatures" tests="1" failures="0" timestamp="2020-04-28T20:06:09 IST" time="4.365" errors="0">
  <testcase name="anuredFeat" time="4.365" classname="bddTestCases.BasicFeatures"/>
</testsuite> <!-- bddTestCases.BasicFeatures -->
