<?xml version="1.0" encoding="UTF-8"?>
<!-- Generated by org.testng.reporters.JUnitReportReporter -->
<testsuite skipped="0" hostname="sony-VAIO" name="testCases.GetAssertions" tests="1" failures="0" timestamp="2020-04-26T22:07:37 IST" time="5.341" errors="0">
  <testcase name="user" time="5.341" classname="testCases.GetAssertions"/>
</testsuite> <!-- testCases.GetAssertions -->
