<?xml version="1.0" encoding="UTF-8"?>
<!-- Generated by org.testng.reporters.JUnitReportReporter -->
<testsuite skipped="0" hostname="sony-VAIO" name="testCases.PostfromUtilityClassHashmap" tests="1" failures="0" timestamp="2020-04-26T22:15:03 IST" time="5.484" errors="0">
  <testcase name="user" time="5.484" classname="testCases.PostfromUtilityClassHashmap"/>
</testsuite> <!-- testCases.PostfromUtilityClassHashmap -->
