<?xml version="1.0" encoding="UTF-8"?>
<!-- Generated by org.testng.reporters.JUnitReportReporter -->
<testsuite skipped="0" hostname="sony-VAIO" name="testCases.AutherizationTest" tests="1" failures="0" timestamp="2020-04-26T22:06:29 IST" time="3.652" errors="0">
  <testcase name="user" time="3.652" classname="testCases.AutherizationTest"/>
</testsuite> <!-- testCases.AutherizationTest -->
