<?xml version="1.0" encoding="UTF-8"?>
<!-- Generated by org.testng.reporters.JUnitReportReporter -->
<testsuite skipped="0" hostname="sony-VAIO" name="testCases.PostFromUtilityClass" tests="1" failures="0" timestamp="2020-04-26T22:14:44 IST" time="4.654" errors="0">
  <testcase name="user" time="4.654" classname="testCases.PostFromUtilityClass"/>
</testsuite> <!-- testCases.PostFromUtilityClass -->
