<?xml version="1.0" encoding="UTF-8"?>
<!-- Generated by org.testng.reporters.JUnitReportReporter -->
<testsuite skipped="0" hostname="sony-VAIO" name="bddTestCases.BasicFeaturesXml" tests="1" failures="0" timestamp="2020-04-28T20:11:42 IST" time="4.197" errors="0">
  <testcase name="testXpath" time="4.197" classname="bddTestCases.BasicFeaturesXml"/>
</testsuite> <!-- bddTestCases.BasicFeaturesXml -->
