<?xml version="1.0" encoding="UTF-8"?>
<!-- Generated by org.testng.reporters.JUnitReportReporter -->
<testsuite skipped="0" hostname="sony-VAIO" name="testCases.GetIndividualHeaders" tests="1" failures="0" timestamp="2020-04-26T22:07:52 IST" time="4.973" errors="0">
  <testcase name="user" time="4.973" classname="testCases.GetIndividualHeaders"/>
</testsuite> <!-- testCases.GetIndividualHeaders -->
