<?xml version="1.0" encoding="UTF-8"?>
<!-- Generated by org.testng.reporters.JUnitReportReporter -->
<testsuite skipped="0" hostname="sony-VAIO" name="bddTestCases.UsePath" tests="2" failures="0" timestamp="2020-04-28T20:40:04 IST" time="5.831" errors="0">
  <testcase name="Parameterizaion" time="5.039" classname="bddTestCases.UsePath"/>
  <testcase name="PathParameterization" time="0.792" classname="bddTestCases.UsePath"/>
</testsuite> <!-- bddTestCases.UsePath -->
