<?xml version="1.0" encoding="UTF-8"?>
<!-- Generated by org.testng.reporters.JUnitReportReporter -->
<testsuite skipped="0" hostname="sony-VAIO" name="bddTestCases.PostCust" tests="1" failures="0" timestamp="2020-04-28T21:04:03 IST" time="6.855" errors="0">
  <testcase name="registerCustomer" time="6.855" classname="bddTestCases.PostCust"/>
</testsuite> <!-- bddTestCases.PostCust -->
