<?xml version="1.0" encoding="UTF-8"?>
<!-- Generated by org.testng.reporters.JUnitReportReporter -->
<testsuite skipped="0" hostname="sony-VAIO" name="bddTestCases.PerformanceTesting" tests="1" failures="0" timestamp="2020-04-28T20:52:47 IST" time="4.176" errors="0">
  <testcase name="testResponseAssertion" time="4.176" classname="bddTestCases.PerformanceTesting"/>
</testsuite> <!-- bddTestCases.PerformanceTesting -->
