<?xml version="1.0" encoding="UTF-8"?>
<!-- Generated by org.testng.reporters.JUnitReportReporter -->
<testsuite skipped="0" hostname="sony-VAIO" name="testCases.GetReadfromExcel" tests="1" failures="0" timestamp="2020-04-26T22:10:19 IST" time="13.131" errors="0">
  <testcase name="f" time="13.131" classname="testCases.GetReadfromExcel"/>
</testsuite> <!-- testCases.GetReadfromExcel -->
