<?xml version="1.0" encoding="UTF-8"?>
<!-- Generated by org.testng.reporters.JUnitReportReporter -->
<testsuite skipped="0" hostname="sony-VAIO" name="testCases.GetReadfromExcel" tests="1" failures="0" timestamp="2020-04-27T20:53:39 IST" time="10.257" errors="0">
  <testcase name="f" time="10.257" classname="testCases.GetReadfromExcel"/>
</testsuite> <!-- testCases.GetReadfromExcel -->
