<?xml version="1.0" encoding="UTF-8"?>
<!-- Generated by org.testng.reporters.JUnitReportReporter -->
<testsuite skipped="0" hostname="sony-VAIO" name="testCases.PutBasic" tests="3" failures="0" timestamp="2020-04-26T22:15:35 IST" time="13.311" errors="0">
  <testcase name="validateResponseBody" time="0.949" classname="testCases.PutBasic"/>
  <testcase name="validateStatusCode" time="0.002" classname="testCases.PutBasic"/>
  <testcase name="UpdateRecords" time="12.360" classname="testCases.PutBasic"/>
</testsuite> <!-- testCases.PutBasic -->
