<?xml version="1.0" encoding="UTF-8"?>
<!-- Generated by org.testng.reporters.JUnitReportReporter -->
<testsuite skipped="0" hostname="sony-VAIO" name="bddTestCases.Autentication" tests="1" failures="0" timestamp="2020-04-28T20:47:43 IST" time="4.960" errors="0">
  <testcase name="test_APIWithOAuth2Authentication" time="4.960" classname="bddTestCases.Autentication"/>
</testsuite> <!-- bddTestCases.Autentication -->
