<?xml version="1.0" encoding="UTF-8"?>
<!-- Generated by org.testng.reporters.JUnitReportReporter -->
<testsuite skipped="0" hostname="sony-VAIO" name="testCases.GetRespBody" tests="1" failures="0" timestamp="2020-04-26T22:24:41 IST" time="5.042" errors="0">
  <testcase name="getUserDetails" time="5.042" classname="testCases.GetRespBody"/>
</testsuite> <!-- testCases.GetRespBody -->
