<?xml version="1.0" encoding="UTF-8"?>
<!-- Generated by org.testng.reporters.JUnitReportReporter -->
<testsuite skipped="0" hostname="sony-VAIO" name="testCases.PutBasic" tests="3" failures="0" timestamp="2020-04-27T20:53:39 IST" time="25.121" errors="0">
  <testcase name="validateStatusCode" time="0.007" classname="testCases.PutBasic"/>
  <testcase name="validateResponseBody" time="1.312" classname="testCases.PutBasic"/>
  <testcase name="UpdateRecords" time="23.802" classname="testCases.PutBasic"/>
</testsuite> <!-- testCases.PutBasic -->
