<?xml version="1.0" encoding="UTF-8"?>
<!-- Generated by org.testng.reporters.JUnitReportReporter -->
<testsuite skipped="0" hostname="sony-VAIO" name="bddTestCases.RootSetting" tests="1" failures="0" timestamp="2020-04-28T20:18:24 IST" time="6.811" errors="0">
  <testcase name="testWithRoot" time="6.811" classname="bddTestCases.RootSetting"/>
</testsuite> <!-- bddTestCases.RootSetting -->
