<?xml version="1.0" encoding="UTF-8"?>
<!-- Generated by org.testng.reporters.JUnitReportReporter -->
<testsuite skipped="0" hostname="sony-VAIO" name="bddTestCases.PostCust" tests="1" failures="0" timestamp="2020-04-26T22:17:07 IST" time="4.433" errors="0">
  <testcase name="registerCustomer" time="4.433" classname="bddTestCases.PostCust"/>
</testsuite> <!-- bddTestCases.PostCust -->
