<?xml version="1.0" encoding="UTF-8"?>
<!-- Generated by org.testng.reporters.JUnitReportReporter -->
<testsuite skipped="0" hostname="sony-VAIO" name="testCases.PostFromUtilityClass" tests="1" failures="0" timestamp="2020-04-27T20:53:39 IST" time="0.959" errors="0">
  <testcase name="user" time="0.959" classname="testCases.PostFromUtilityClass"/>
</testsuite> <!-- testCases.PostFromUtilityClass -->
