<?xml version="1.0" encoding="UTF-8"?>
<!-- Generated by org.testng.reporters.JUnitReportReporter -->
<testsuite skipped="0" hostname="sony-VAIO" name="bddTestCases.Postfromfile" tests="1" failures="0" timestamp="2020-04-28T21:06:50 IST" time="4.245" errors="0">
  <testcase name="registerCustomer" time="4.245" classname="bddTestCases.Postfromfile"/>
</testsuite> <!-- bddTestCases.Postfromfile -->
