<?xml version="1.0" encoding="UTF-8"?>
<!-- Generated by org.testng.reporters.JUnitReportReporter -->
<testsuite skipped="0" hostname="sony-VAIO" name="bddTestCases.GetWeatherDetails" tests="1" failures="0" timestamp="2020-04-28T19:50:18 IST" time="5.115" errors="0">
  <testcase name="main" time="5.115" classname="bddTestCases.GetWeatherDetails"/>
</testsuite> <!-- bddTestCases.GetWeatherDetails -->
