<?xml version="1.0" encoding="UTF-8"?>
<!-- Generated by org.testng.reporters.JUnitReportReporter -->
<testsuite skipped="0" hostname="sony-VAIO" name="bddTestCases.Parameterized" tests="3" failures="0" timestamp="2020-04-28T20:42:10 IST" time="6.154" errors="0">
  <testcase name="DataDriven" time="5.020" classname="bddTestCases.Parameterized"/>
  <testcase name="DataDriven" time="0.592" classname="bddTestCases.Parameterized"/>
  <testcase name="DataDriven" time="0.542" classname="bddTestCases.Parameterized"/>
</testsuite> <!-- bddTestCases.Parameterized -->
